2023-06-25 00:15:38 Repair: [INFO] start parsing: C:\Users\82105\OneDrive\바탕 화면\GitProject\sing_song_saeng_song\images\main-b.png
2023-06-25 00:15:38 Repair: [INFO] finish, time elapsed 0 ms
2023-06-25 00:15:38 Repair: [INFO] start parsing: C:\Users\82105\OneDrive\바탕 화면\GitProject\sing_song_saeng_song\images\main-h.png
2023-06-25 00:15:38 Repair: [INFO] finish, time elapsed 0 ms
2023-06-25 00:15:38 Repair: [INFO] start parsing: C:\Users\82105\OneDrive\바탕 화면\GitProject\sing_song_saeng_song\images\main-i.png
2023-06-25 00:15:38 Repair: [INFO] finish, time elapsed 1 ms
2023-06-25 00:15:39 Repair: [INFO] start parsing: C:\Users\82105\OneDrive\바탕 화면\GitProject\sing_song_saeng_song\images\main-k.png
2023-06-25 00:15:39 Repair: [INFO] finish, time elapsed 1 ms
2023-06-25 00:15:39 Repair: [INFO] start parsing: C:\Users\82105\OneDrive\바탕 화면\GitProject\sing_song_saeng_song\images\main-p.png
2023-06-25 00:15:39 Repair: [INFO] finish, time elapsed 0 ms
2023-06-25 00:15:46 Repair: [INFO] start parsing: C:/Wondershare_Repairit/PhotoThumbnail/2395755504/0.png
2023-06-25 00:15:46 Repair: [INFO] finish, time elapsed 18 ms
2023-06-25 00:15:59 Repair: [INFO] start parsing: C:/Wondershare_Repairit/PhotoThumbnail/2395732032/0.jpg
2023-06-25 00:15:59 Repair: [INFO] finish, time elapsed 29 ms
2023-06-25 00:16:09 Repair: [INFO] start parsing: C:/Wondershare_Repairit/PhotoThumbnail/2395755504/0.png
2023-06-25 00:16:09 Repair: [INFO] finish, time elapsed 1 ms
2023-06-25 00:16:23 Repair: [INFO] start parsing: C:\Users\82105\OneDrive\바탕 화면\GitProject\sing_song_saeng_song\images\main-b.png
2023-06-25 00:16:23 Repair: [INFO] finish, time elapsed 0 ms
2023-06-25 00:16:24 Repair: [INFO] start parsing: C:\Users\82105\OneDrive\바탕 화면\GitProject\sing_song_saeng_song\images\main-b.png
2023-06-25 00:16:24 Repair: [INFO] finish, time elapsed 0 ms
2023-06-25 00:16:27 Repair: [INFO] start parsing: C:/Wondershare_Repairit/PhotoThumbnail/2395755504/0.png
2023-06-25 00:16:27 Repair: [INFO] finish, time elapsed 1 ms
2023-06-25 00:16:27 Repair: [INFO] start parsing: C:/Wondershare_Repairit/PhotoThumbnail/2395755504/1.png
2023-06-25 00:16:27 Repair: [INFO] finish, time elapsed 4 ms
